<?xml version="1.0" encoding="UTF-8"?>
<!-- Generated by org.testng.reporters.JUnitXMLReporter -->
<testsuite ignored="0" hostname="DESKTOP-653N01I" failures="0" tests="6" name="Surefire test" time="53.066" errors="0" timestamp="2021-12-03T12:34:24 IST">
  <testcase classname="tests.LoginTest" name="loginWithValidCredentials" time="2.075"/>
  <testcase classname="tests.LoginTest" name="loginWithInvalidUsernameAndInvalidPassword" time="1.921"/>
  <testcase classname="tests.LoginTest" name="loginWithInvalidUsernameAndValidPassword" time="2.063"/>
  <testcase classname="tests.LoginTest" name="loginWithValidUsernameAndInvalidPassword" time="2.042"/>
  <testcase classname="tests.SearchTest" name="searchForANonExistingProduct" time="0.763"/>
  <testcase classname="tests.SearchTest" name="searchForAnExistingProduct" time="0.758"/>
</testsuite> <!-- Surefire test -->
